<?xml version="1.0" encoding="UTF-8"?>
<!-- Generated by org.testng.reporters.JUnitReportReporter -->
<testsuite hostname="DESKTOP-5O3LLQR" failures="0" tests="1" name="testpacakge.Testloginpage" time="30.304" errors="0" timestamp="2024-06-14T05:22:27 PDT" skipped="0">
  <testcase classname="testpacakge.Testloginpage" name="verifysignin" time="30.304"/>
  <system-out/>
</testsuite> <!-- testpacakge.Testloginpage -->
